[2026-01-30 18:29:56] local.INFO: Route Info Structure: {"full_route_info":[1,{"uses":"App\\Http\\Controllers\\PrincipalController@getDataCollection","middleware":["prueba"]},{"resource":"medios"}],"type":"array","is_array":true,"count":3,"keys":[0,1,2]} 
[2026-01-30 18:58:35] local.ERROR: Undefined variable $medios {"exception":"[object] (ErrorException(code: 0): Undefined variable $medios at D:/www/api-json-specification/app/Http/Controllers/UrlController.php:47)
[stacktrace]
#0 D:/www/api-json-specification/vendor/laravel/lumen-framework/src/Concerns/RegistersExceptionHandlers.php(47): Laravel/Lumen/Application->handleError(2, 'Undefined varia...', 'D://www//api-json...', 47)
#1 D:/www/api-json-specification/app/Http/Controllers/UrlController.php(47): Laravel/Lumen/Application->Laravel/Lumen/Concerns/{closure}(2, 'Undefined varia...', 'D://www//api-json...', 47)
#2 D:/www/api-json-specification/vendor/illuminate/container/BoundMethod.php(36): App/Http/Controllers/UrlController->url(Object(Laravel/Lumen/Http/Request), 'medios', '1')
#3 D:/www/api-json-specification/vendor/illuminate/container/Util.php(41): Illuminate/Container/BoundMethod::Illuminate/Container/{closure}()
#4 D:/www/api-json-specification/vendor/illuminate/container/BoundMethod.php(93): Illuminate/Container/Util::unwrapIfClosure(Object(Closure))
#5 D:/www/api-json-specification/vendor/illuminate/container/BoundMethod.php(35): Illuminate/Container/BoundMethod::callBoundMethod(Object(Laravel/Lumen/Application), Array, Object(Closure))
#6 D:/www/api-json-specification/vendor/illuminate/container/Container.php(662): Illuminate/Container/BoundMethod::call(Object(Laravel/Lumen/Application), Array, Array, NULL)
#7 D:/www/api-json-specification/vendor/laravel/lumen-framework/src/Concerns/RoutesRequests.php(391): Illuminate/Container/Container->call(Array, Array)
#8 D:/www/api-json-specification/vendor/laravel/lumen-framework/src/Concerns/RoutesRequests.php(356): Laravel/Lumen/Application->callControllerCallable(Array, Array)
#9 D:/www/api-json-specification/vendor/laravel/lumen-framework/src/Concerns/RoutesRequests.php(331): Laravel/Lumen/Application->callLumenController(Object(App/Http/Controllers/UrlController), 'url', Array)
#10 D:/www/api-json-specification/vendor/laravel/lumen-framework/src/Concerns/RoutesRequests.php(284): Laravel/Lumen/Application->callControllerAction(Array)
#11 D:/www/api-json-specification/vendor/laravel/lumen-framework/src/Concerns/RoutesRequests.php(269): Laravel/Lumen/Application->callActionOnArrayBasedRoute(Array)
#12 D:/www/api-json-specification/vendor/laravel/lumen-framework/src/Concerns/RoutesRequests.php(239): Laravel/Lumen/Application->handleFoundRoute(Array)
#13 D:/www/api-json-specification/vendor/laravel/lumen-framework/src/Concerns/RoutesRequests.php(174): Laravel/Lumen/Application->handleDispatcherResponse(Array)
#14 D:/www/api-json-specification/vendor/laravel/lumen-framework/src/Concerns/RoutesRequests.php(431): Laravel/Lumen/Application->Laravel/Lumen/Concerns/{closure}(Object(Laravel/Lumen/Http/Request))
#15 D:/www/api-json-specification/vendor/laravel/lumen-framework/src/Concerns/RoutesRequests.php(167): Laravel/Lumen/Application->sendThroughPipeline(Array, Object(Closure))
#16 D:/www/api-json-specification/vendor/laravel/lumen-framework/src/Concerns/RoutesRequests.php(112): Laravel/Lumen/Application->dispatch(NULL)
#17 D:/www/api-json-specification/public/index.php(28): Laravel/Lumen/Application->run()
#18 {main}
"} 
[2026-01-30 19:00:21] local.ERROR: SQLSTATE[22P02]: Invalid text representation: 7 ERROR:  invalid input syntax for type bigint: "1fields[medios]=-inv,inv_viejo"
CONTEXT:  unnamed portal parameter $1 = '...' (Connection: pgsql, SQL: select * from "medios" where "medios"."id" = 1fields[medios]=-inv,inv_viejo limit 1) {"exception":"[object] (Illuminate\\Database\\QueryException(code: 22P02): SQLSTATE[22P02]: Invalid text representation: 7 ERROR:  invalid input syntax for type bigint: \"1fields[medios]=-inv,inv_viejo\"
CONTEXT:  unnamed portal parameter $1 = '...' (Connection: pgsql, SQL: select * from \"medios\" where \"medios\".\"id\" = 1fields[medios]=-inv,inv_viejo limit 1) at D:/www/api-json-specification/vendor/illuminate/database/Connection.php:829)
[stacktrace]
#0 D:/www/api-json-specification/vendor/illuminate/database/Connection.php(783): Illuminate/Database/Connection->runQueryCallback('select * from \"...', Array, Object(Closure))
#1 D:/www/api-json-specification/vendor/illuminate/database/Connection.php(414): Illuminate/Database/Connection->run('select * from \"...', Array, Object(Closure))
#2 D:/www/api-json-specification/vendor/illuminate/database/Query/Builder.php(2913): Illuminate/Database/Connection->select('select * from \"...', Array, true)
#3 D:/www/api-json-specification/vendor/illuminate/database/Query/Builder.php(2902): Illuminate/Database/Query/Builder->runSelect()
#4 D:/www/api-json-specification/vendor/illuminate/database/Query/Builder.php(3456): Illuminate/Database/Query/Builder->Illuminate/Database/Query/{closure}()
#5 D:/www/api-json-specification/vendor/illuminate/database/Query/Builder.php(2901): Illuminate/Database/Query/Builder->onceWithColumns(Array, Object(Closure))
#6 D:/www/api-json-specification/vendor/illuminate/database/Eloquent/Builder.php(739): Illuminate/Database/Query/Builder->get(Array)
#7 D:/www/api-json-specification/vendor/illuminate/database/Eloquent/Builder.php(723): Illuminate/Database/Eloquent/Builder->getModels(Array)
#8 D:/www/api-json-specification/vendor/illuminate/database/Concerns/BuildsQueries.php(333): Illuminate/Database/Eloquent/Builder->get(Array)
#9 D:/www/api-json-specification/vendor/illuminate/database/Eloquent/Builder.php(449): Illuminate/Database/Eloquent/Builder->first(Array)
#10 D:/www/api-json-specification/vendor/illuminate/support/Traits/ForwardsCalls.php(23): Illuminate/Database/Eloquent/Builder->find('1fields[medios]...')
#11 D:/www/api-json-specification/vendor/illuminate/database/Eloquent/Model.php(2335): Illuminate/Database/Eloquent/Model->forwardCallTo(Object(Illuminate/Database/Eloquent/Builder), 'find', Array)
#12 D:/www/api-json-specification/vendor/illuminate/database/Eloquent/Model.php(2347): Illuminate/Database/Eloquent/Model->__call('find', Array)
#13 D:/www/api-json-specification/app/Http/Controllers/UrlController.php(51): Illuminate/Database/Eloquent/Model::__callStatic('find', Array)
#14 D:/www/api-json-specification/vendor/illuminate/container/BoundMethod.php(36): App/Http/Controllers/UrlController->url(Object(Laravel/Lumen/Http/Request), 'medios', '1fields[medios]...')
#15 D:/www/api-json-specification/vendor/illuminate/container/Util.php(41): Illuminate/Container/BoundMethod::Illuminate/Container/{closure}()
#16 D:/www/api-json-specification/vendor/illuminate/container/BoundMethod.php(93): Illuminate/Container/Util::unwrapIfClosure(Object(Closure))
#17 D:/www/api-json-specification/vendor/illuminate/container/BoundMethod.php(35): Illuminate/Container/BoundMethod::callBoundMethod(Object(Laravel/Lumen/Application), Array, Object(Closure))
#18 D:/www/api-json-specification/vendor/illuminate/container/Container.php(662): Illuminate/Container/BoundMethod::call(Object(Laravel/Lumen/Application), Array, Array, NULL)
#19 D:/www/api-json-specification/vendor/laravel/lumen-framework/src/Concerns/RoutesRequests.php(391): Illuminate/Container/Container->call(Array, Array)
#20 D:/www/api-json-specification/vendor/laravel/lumen-framework/src/Concerns/RoutesRequests.php(356): Laravel/Lumen/Application->callControllerCallable(Array, Array)
#21 D:/www/api-json-specification/vendor/laravel/lumen-framework/src/Concerns/RoutesRequests.php(331): Laravel/Lumen/Application->callLumenController(Object(App/Http/Controllers/UrlController), 'url', Array)
#22 D:/www/api-json-specification/vendor/laravel/lumen-framework/src/Concerns/RoutesRequests.php(284): Laravel/Lumen/Application->callControllerAction(Array)
#23 D:/www/api-json-specification/vendor/laravel/lumen-framework/src/Concerns/RoutesRequests.php(269): Laravel/Lumen/Application->callActionOnArrayBasedRoute(Array)
#24 D:/www/api-json-specification/vendor/laravel/lumen-framework/src/Concerns/RoutesRequests.php(239): Laravel/Lumen/Application->handleFoundRoute(Array)
#25 D:/www/api-json-specification/vendor/laravel/lumen-framework/src/Concerns/RoutesRequests.php(174): Laravel/Lumen/Application->handleDispatcherResponse(Array)
#26 D:/www/api-json-specification/vendor/laravel/lumen-framework/src/Concerns/RoutesRequests.php(431): Laravel/Lumen/Application->Laravel/Lumen/Concerns/{closure}(Object(Laravel/Lumen/Http/Request))
#27 D:/www/api-json-specification/vendor/laravel/lumen-framework/src/Concerns/RoutesRequests.php(167): Laravel/Lumen/Application->sendThroughPipeline(Array, Object(Closure))
#28 D:/www/api-json-specification/vendor/laravel/lumen-framework/src/Concerns/RoutesRequests.php(112): Laravel/Lumen/Application->dispatch(NULL)
#29 D:/www/api-json-specification/public/index.php(28): Laravel/Lumen/Application->run()
#30 {main}

[previous exception] [object] (PDOException(code: 22P02): SQLSTATE[22P02]: Invalid text representation: 7 ERROR:  invalid input syntax for type bigint: \"1fields[medios]=-inv,inv_viejo\"
CONTEXT:  unnamed portal parameter $1 = '...' at D:/www/api-json-specification/vendor/illuminate/database/Connection.php:428)
[stacktrace]
#0 D:/www/api-json-specification/vendor/illuminate/database/Connection.php(428): PDOStatement->execute()
#1 D:/www/api-json-specification/vendor/illuminate/database/Connection.php(816): Illuminate/Database/Connection->Illuminate/Database/{closure}('select * from \"...', Array)
#2 D:/www/api-json-specification/vendor/illuminate/database/Connection.php(783): Illuminate/Database/Connection->runQueryCallback('select * from \"...', Array, Object(Closure))
#3 D:/www/api-json-specification/vendor/illuminate/database/Connection.php(414): Illuminate/Database/Connection->run('select * from \"...', Array, Object(Closure))
#4 D:/www/api-json-specification/vendor/illuminate/database/Query/Builder.php(2913): Illuminate/Database/Connection->select('select * from \"...', Array, true)
#5 D:/www/api-json-specification/vendor/illuminate/database/Query/Builder.php(2902): Illuminate/Database/Query/Builder->runSelect()
#6 D:/www/api-json-specification/vendor/illuminate/database/Query/Builder.php(3456): Illuminate/Database/Query/Builder->Illuminate/Database/Query/{closure}()
#7 D:/www/api-json-specification/vendor/illuminate/database/Query/Builder.php(2901): Illuminate/Database/Query/Builder->onceWithColumns(Array, Object(Closure))
#8 D:/www/api-json-specification/vendor/illuminate/database/Eloquent/Builder.php(739): Illuminate/Database/Query/Builder->get(Array)
#9 D:/www/api-json-specification/vendor/illuminate/database/Eloquent/Builder.php(723): Illuminate/Database/Eloquent/Builder->getModels(Array)
#10 D:/www/api-json-specification/vendor/illuminate/database/Concerns/BuildsQueries.php(333): Illuminate/Database/Eloquent/Builder->get(Array)
#11 D:/www/api-json-specification/vendor/illuminate/database/Eloquent/Builder.php(449): Illuminate/Database/Eloquent/Builder->first(Array)
#12 D:/www/api-json-specification/vendor/illuminate/support/Traits/ForwardsCalls.php(23): Illuminate/Database/Eloquent/Builder->find('1fields[medios]...')
#13 D:/www/api-json-specification/vendor/illuminate/database/Eloquent/Model.php(2335): Illuminate/Database/Eloquent/Model->forwardCallTo(Object(Illuminate/Database/Eloquent/Builder), 'find', Array)
#14 D:/www/api-json-specification/vendor/illuminate/database/Eloquent/Model.php(2347): Illuminate/Database/Eloquent/Model->__call('find', Array)
#15 D:/www/api-json-specification/app/Http/Controllers/UrlController.php(51): Illuminate/Database/Eloquent/Model::__callStatic('find', Array)
#16 D:/www/api-json-specification/vendor/illuminate/container/BoundMethod.php(36): App/Http/Controllers/UrlController->url(Object(Laravel/Lumen/Http/Request), 'medios', '1fields[medios]...')
#17 D:/www/api-json-specification/vendor/illuminate/container/Util.php(41): Illuminate/Container/BoundMethod::Illuminate/Container/{closure}()
#18 D:/www/api-json-specification/vendor/illuminate/container/BoundMethod.php(93): Illuminate/Container/Util::unwrapIfClosure(Object(Closure))
#19 D:/www/api-json-specification/vendor/illuminate/container/BoundMethod.php(35): Illuminate/Container/BoundMethod::callBoundMethod(Object(Laravel/Lumen/Application), Array, Object(Closure))
#20 D:/www/api-json-specification/vendor/illuminate/container/Container.php(662): Illuminate/Container/BoundMethod::call(Object(Laravel/Lumen/Application), Array, Array, NULL)
#21 D:/www/api-json-specification/vendor/laravel/lumen-framework/src/Concerns/RoutesRequests.php(391): Illuminate/Container/Container->call(Array, Array)
#22 D:/www/api-json-specification/vendor/laravel/lumen-framework/src/Concerns/RoutesRequests.php(356): Laravel/Lumen/Application->callControllerCallable(Array, Array)
#23 D:/www/api-json-specification/vendor/laravel/lumen-framework/src/Concerns/RoutesRequests.php(331): Laravel/Lumen/Application->callLumenController(Object(App/Http/Controllers/UrlController), 'url', Array)
#24 D:/www/api-json-specification/vendor/laravel/lumen-framework/src/Concerns/RoutesRequests.php(284): Laravel/Lumen/Application->callControllerAction(Array)
#25 D:/www/api-json-specification/vendor/laravel/lumen-framework/src/Concerns/RoutesRequests.php(269): Laravel/Lumen/Application->callActionOnArrayBasedRoute(Array)
#26 D:/www/api-json-specification/vendor/laravel/lumen-framework/src/Concerns/RoutesRequests.php(239): Laravel/Lumen/Application->handleFoundRoute(Array)
#27 D:/www/api-json-specification/vendor/laravel/lumen-framework/src/Concerns/RoutesRequests.php(174): Laravel/Lumen/Application->handleDispatcherResponse(Array)
#28 D:/www/api-json-specification/vendor/laravel/lumen-framework/src/Concerns/RoutesRequests.php(431): Laravel/Lumen/Application->Laravel/Lumen/Concerns/{closure}(Object(Laravel/Lumen/Http/Request))
#29 D:/www/api-json-specification/vendor/laravel/lumen-framework/src/Concerns/RoutesRequests.php(167): Laravel/Lumen/Application->sendThroughPipeline(Array, Object(Closure))
#30 D:/www/api-json-specification/vendor/laravel/lumen-framework/src/Concerns/RoutesRequests.php(112): Laravel/Lumen/Application->dispatch(NULL)
#31 D:/www/api-json-specification/public/index.php(28): Laravel/Lumen/Application->run()
#32 {main}
"} 
